<?xml version="1.0" encoding="UTF-8"?>
<testsuite xmlns:xsi="http://www.w3.org/2001/XMLSchema-instance" xsi:noNamespaceSchemaLocation="https://maven.apache.org/surefire/maven-surefire-plugin/xsd/surefire-test-report-3.0.xsd" version="3.0" name="com.example.audio.converter.PcmToMp3ConverterTest" time="1.199" tests="10" errors="0" skipped="0" failures="0">
  <properties>
[...]
</properties>
  <testcase name="testEmptyInput" classname="com.example.audio.converter.PcmToMp3ConverterTest" time="0.041"/>
  <testcase name="testStereoConversion" classname="com.example.audio.converter.PcmToMp3ConverterTest" time="0.13">
    <system-out><![CDATA[Stereo conversion - PCM: 176400 bytes -> MP3: 25703 bytes
]]></system-out>
  </testcase>
  <testcase name="testStreamConversion" classname="com.example.audio.converter.PcmToMp3ConverterTest" time="0.02">
    <system-out><![CDATA[PCM size: 32000 bytes, MP3 size: 17856 bytes
]]></system-out>
  </testcase>
  <testcase name="testBasicConversion" classname="com.example.audio.converter.PcmToMp3ConverterTest" time="0.016"/>
  <testcase name="testAudioConfigPresets" classname="com.example.audio.converter.PcmToMp3ConverterTest" time="0.002"/>
  <testcase name="testInvalidConfig" classname="com.example.audio.converter.PcmToMp3ConverterTest" time="0.002"/>
  <testcase name="testRealtimeConverter" classname="com.example.audio.converter.PcmToMp3ConverterTest" time="0.912">
    <system-out><![CDATA[Realtime conversion - PCM: 64000 bytes -> MP3: 32001 bytes
Received 20 MP3 chunks
]]></system-out>
    <system-err><![CDATA[[main] INFO com.example.audio.converter.RealtimePcmToMp3Converter - 实时转换器已启动
[main] INFO com.example.audio.converter.RealtimePcmToMp3Converter - 实时转换器已停止，总计处理: PCM 64000 bytes -> MP3 32001 bytes
]]></system-err>
  </testcase>
  <testcase name="testStreamEncoder" classname="com.example.audio.converter.PcmToMp3ConverterTest" time="0.017">
    <system-out><![CDATA[Stream encoding - PCM: 64000 bytes -> MP3: 33984 bytes
]]></system-out>
  </testcase>
  <testcase name="testMp3EncoderOutputStream" classname="com.example.audio.converter.PcmToMp3ConverterTest" time="0.011">
    <system-out><![CDATA[OutputStream encoding - PCM: 48000 bytes -> MP3: 25920 bytes
]]></system-out>
  </testcase>
  <testcase name="testFileConversion" classname="com.example.audio.converter.PcmToMp3ConverterTest" time="0.025">
    <system-out><![CDATA[PCM file size: 96000 bytes
MP3 file size: 50112 bytes
]]></system-out>
    <system-err><![CDATA[[main] INFO com.example.audio.converter.PcmToMp3Converter - 转换文件: /tmp/junit16078881829291359092/test.pcm -> /tmp/junit16078881829291359092/test.mp3
[main] INFO com.example.audio.converter.PcmToMp3Converter - 文件转换完成，输出文件大小: 50112 bytes
]]></system-err>
  </testcase>
</testsuite>