<?xml version="1.0" encoding="UTF-8"?>
<testsuite xmlns:xsi="http://www.w3.org/2001/XMLSchema-instance" xsi:noNamespaceSchemaLocation="https://maven.apache.org/surefire/maven-surefire-plugin/xsd/surefire-test-report-3.0.xsd" version="3.0" name="com.example.SimpleTest" time="0.034" tests="3" errors="0" skipped="0" failures="0">
  <properties>
[...]
</properties>
  <testcase name="testThreadPoolCalculation" classname="com.example.SimpleTest" time="0.018">
    <system-out><![CDATA[=== 线程池配置建议 ===
CPU密集型应用: 4 个线程
I/O密集型应用: 8 个线程
混合型应用: 6 个线程
]]></system-out>
  </testcase>
  <testcase name="testBasicFunctionality" classname="com.example.SimpleTest" time="0.003">
    <system-out><![CDATA[CPU核心数: 4
建议的最大线程池大小: 8
最大可用内存: 4006 MB
]]></system-out>
  </testcase>
  <testcase name="testDatabaseConnectionPoolSizing" classname="com.example.SimpleTest" time="0.001">
    <system-out><![CDATA[=== 数据库配置建议 ===
数据库连接池大小: 10
查询线程池大小: 8
]]></system-out>
  </testcase>
</testsuite>